Log file open, 08/08/16 18:15:51
LogInit:Display: Running engine for game: AITrainingStream
LogPlatformFile: Not using cached read wrapper
LogInit:Display: RandInit(-902270888) SRandInit(-902270886).
LogTaskGraph: Started task graph with 4 named threads and 7 total threads with 1 sets of task threads.
LogStats: Stats thread started at 0.121483
LogInit: Version: 4.12.5-3039270+++UE4+Release-4.12
LogInit: API Version: 2992821
LogInit: Net Version: 3039270
LogDevObjectVersion: Number of dev versions registered: 13
LogDevObjectVersion:   Dev-Blueprints (B0D832E4-1F89-4F0D-ACCF-7EB736FD4AA2): 3
LogDevObjectVersion:   Dev-Build (E1C64328-A22C-4D53-A36C-8E866417BD8C): 0
LogDevObjectVersion:   Dev-Core (375EC13C-06E4-48FB-B500-84F0262A717E): 1
LogDevObjectVersion:   Dev-Editor (E4B068ED-F494-42E9-A231-DA0B2E46BB41): 2
LogDevObjectVersion:   Dev-Framework (CFFC743F-43B0-4480-9391-14DF171D2073): 6
LogDevObjectVersion:   Dev-Mobile (B02B49B5-BB20-44E9-A304-32B752E40360): 0
LogDevObjectVersion:   Dev-Networking (A4E4105C-59A1-49B5-A7C5-40C4547EDFEE): 0
LogDevObjectVersion:   Dev-Online (39C831C9-5AE6-47DC-9A44-9C173E1C8E7C): 0
LogDevObjectVersion:   Dev-Physics (78F01B33-EBEA-4F98-B9B4-84EACCB95AA2): 0
LogDevObjectVersion:   Dev-Platform (6631380F-2D4D-43E0-8009-CF276956A95A): 0
LogDevObjectVersion:   Dev-Rendering (12F88B9F-8875-4AFC-A67C-D90C383ABD29): 2
LogDevObjectVersion:   Dev-Sequencer (7B5AE74C-D270-4C10-A958-57980B212A5A): 0
LogDevObjectVersion:   Dev-VR (D7296918-1DD6-4BDD-9DE2-64A83CC13884): 0
LogInit: Compiled (64-bit): Jul  6 2016 09:09:46
LogInit: Compiled with Visual C++: 19.00.23026.00
LogInit: Build Configuration: Development
LogInit: Branch Name: ++UE4+Release-4.12
LogInit: Command line:  
LogInit: Base directory: C:/Program Files (x86)/Epic Games/4.12/Engine/Binaries/Win64/
LogInit: Installed Engine Build: 1
LogInit: Using libcurl 7.41.0
LogInit:  - built for x86_64-pc-win32
LogInit:  - supports SSL with WinSSL
LogInit:  - other features:
LogInit:      CURL_VERSION_SSL
LogInit:      CURL_VERSION_IPV6
LogInit:      CURL_VERSION_ASYNCHDNS
LogInit:      CURL_VERSION_LARGEFILE
LogInit:      CURL_VERSION_IDN
LogInit:  CurlRequestOptions (configurable via config and command line):
LogInit:  - bVerifyPeer = true  - Libcurl will verify peer certificate
LogInit:  - bUseHttpProxy = false  - Libcurl will NOT use HTTP proxy
LogInit:  - bDontReuseConnections = false  - Libcurl will reuse connections
LogInit:  - CertBundlePath = nullptr  - Libcurl will use whatever was configured at build time.
LogInit: Presizing for max 8388607 objects, including 0 objects not considered by GC, pre-allocating 0 bytes for permanent pool.
LogInit: Object subsystem initialized
[2016.08.08-22.15.51:950][  0]LogInit: Selected Device Profile: [Windows]
[2016.08.08-22.15.51:950][  0]LogInit: Applying CVar settings loaded from the selected device profile: [Windows]
[2016.08.08-22.15.51:986][  0]LogInit: Computer: DESKTOP-ADLKPEH
[2016.08.08-22.15.51:987][  0]LogInit: User: wolfw
[2016.08.08-22.15.51:987][  0]LogInit: CPU Page size=65536, Cores=4
[2016.08.08-22.15.51:987][  0]LogInit: High frequency timer resolution =3.932461 MHz
[2016.08.08-22.15.51:988][  0]LogMemory: Memory total: Physical=8.0GB (8GB approx)
[2016.08.08-22.15.51:988][  0]LogMemory: Platform Memory Stats for Windows
[2016.08.08-22.15.51:988][  0]LogMemory: Process Physical Memory: 191.59 MB used, 191.59 MB peak
[2016.08.08-22.15.51:988][  0]LogMemory: Process Virtual Memory: 195.25 MB used, 195.25 MB peak
[2016.08.08-22.15.51:988][  0]LogMemory: Physical Memory: 4283.48 MB used, 8173.24 MB total
[2016.08.08-22.15.51:988][  0]LogMemory: Virtual Memory: 552.91 MB used, 134217728.00 MB total
[2016.08.08-22.15.52:313][  0]LogTextLocalizationManager: No specific translations for ('en-US') exist, so ('en') translations will be used.
[2016.08.08-22.15.52:907][  0]LogD3D11RHI: D3D11 adapters:
[2016.08.08-22.15.52:940][  0]LogD3D11RHI:    0. 'NVIDIA GeForce GTX 980 Ti' (Feature Level 11_0)
[2016.08.08-22.15.52:940][  0]LogD3D11RHI:       6102/0/4086 MB DedicatedVideo/DedicatedSystem/SharedSystem, Outputs:1, VendorId:0x10de
[2016.08.08-22.15.52:942][  0]LogD3D11RHI:    1. 'Microsoft Basic Render Driver' (Feature Level 11_0)
[2016.08.08-22.15.52:942][  0]LogD3D11RHI:       0/0/4086 MB DedicatedVideo/DedicatedSystem/SharedSystem, Outputs:0, VendorId:0x1414
[2016.08.08-22.15.52:942][  0]LogD3D11RHI: Chosen D3D11 Adapter: 0
[2016.08.08-22.15.52:950][  0]LogD3D11RHI: Creating new Direct3DDevice
[2016.08.08-22.15.52:950][  0]LogD3D11RHI:     GPU DeviceId: 0x17c8 (for the marketing name, search the web for "GPU Device Id")
[2016.08.08-22.15.52:950][  0]LogWindows: EnumDisplayDevices:
[2016.08.08-22.15.52:950][  0]LogWindows:    0. 'NVIDIA GeForce GTX 980 Ti' (P:1 D:1)
[2016.08.08-22.15.52:950][  0]LogWindows:    1. 'NVIDIA GeForce GTX 980 Ti' (P:0 D:0)
[2016.08.08-22.15.52:951][  0]LogWindows:    2. 'NVIDIA GeForce GTX 980 Ti' (P:0 D:0)
[2016.08.08-22.15.52:951][  0]LogWindows:    3. 'NVIDIA GeForce GTX 980 Ti' (P:0 D:0)
[2016.08.08-22.15.52:951][  0]LogWindows: DebugString: FoundDriverCount:4 
[2016.08.08-22.15.52:951][  0]LogD3D11RHI:     Adapter Name: NVIDIA GeForce GTX 980 Ti
[2016.08.08-22.15.52:951][  0]LogD3D11RHI:   Driver Version: 368.81 (internal:10.18.13.6881, unified:368.81)
[2016.08.08-22.15.52:951][  0]LogD3D11RHI:      Driver Date: 7-10-2016
[2016.08.08-22.15.52:951][  0]LogRHI: Texture pool is 1361 MB (70% of 1945 MB)
[2016.08.08-22.15.52:969][  0]LogD3D11RHI: Async texture creation enabled
[2016.08.08-22.15.53:006][  0]LogD3D11RHI: GPU Timing Frequency: 1000.000000 (Debug: 2 1)
[2016.08.08-22.15.53:016][  0]LogShaderCompilers: Guid format shader working directory is -41 characters bigger than the processId version (../../../../../../Users/wolfw/OneDrive/Documents/AITrainingStreamStuff/AITrainingStream/Intermediate/Shaders/WorkingDirectory/9332/).
[2016.08.08-22.15.53:016][  0]LogShaderCompilers: Cleaned the shader compiler working directory 'C:/Users/wolfw/AppData/Local/Temp/UnrealShaderWorkingDir/AC535A504DA5C2993C4542ACD0E30742/'.
[2016.08.08-22.15.53:016][  0]LogShaderCompilers:Display: Using Local Shader Compiler.
[2016.08.08-22.15.55:821][  0]LogTemp:Display: Loaded TP AllDesktopTargetPlatform
[2016.08.08-22.15.55:840][  0]LogTemp:Display: Loaded TP WindowsClientTargetPlatform
[2016.08.08-22.15.55:857][  0]LogTemp:Display: Loaded TP WindowsNoEditorTargetPlatform
[2016.08.08-22.15.55:876][  0]LogTemp:Display: Loaded TP WindowsServerTargetPlatform
[2016.08.08-22.15.55:894][  0]LogTemp:Display: Loaded TP WindowsTargetPlatform
[2016.08.08-22.15.55:914][  0]LogTemp:Display: Loaded TP AndroidTargetPlatform
[2016.08.08-22.15.55:929][  0]LogTemp:Display: Loaded TP Android_ASTCTargetPlatform
[2016.08.08-22.15.55:944][  0]LogTemp:Display: Loaded TP Android_ATCTargetPlatform
[2016.08.08-22.15.55:958][  0]LogTemp:Display: Loaded TP Android_DXTTargetPlatform
[2016.08.08-22.15.55:972][  0]LogTemp:Display: Loaded TP Android_ETC1TargetPlatform
[2016.08.08-22.15.55:985][  0]LogTemp:Display: Loaded TP Android_ETC2TargetPlatform
[2016.08.08-22.15.56:014][  0]LogTemp:Display: Loaded TP Android_MultiTargetPlatform
[2016.08.08-22.15.56:014][  0]LogTemp:Display: Loaded TP Android_PVRTCTargetPlatform
[2016.08.08-22.15.56:015][  0]LogTemp:Display: Loaded TP HTML5TargetPlatform
[2016.08.08-22.15.56:081][  0]LogTemp:Display: Loaded TP IOSTargetPlatform
[2016.08.08-22.15.56:092][  0]LogTemp:Display: Loaded TP TVOSTargetPlatform
[2016.08.08-22.15.56:106][  0]LogTemp:Display: Loaded TP LinuxNoEditorTargetPlatform
[2016.08.08-22.15.56:117][  0]LogTemp:Display: Loaded TP LinuxServerTargetPlatform
[2016.08.08-22.15.56:132][  0]LogTemp:Display: Loaded TP LinuxTargetPlatform
[2016.08.08-22.15.56:133][  0]LogTargetPlatformManager:Display: Building Assets For Windows
[2016.08.08-22.15.56:585][  0]LogDerivedDataCache:Display: Max Cache Size: 512 MB
[2016.08.08-22.15.57:037][  0]LogDerivedDataCache: Loaded boot cache 0.45s 92MB C:/Users/wolfw/AppData/Local/UnrealEngine/4.12/DerivedDataCache/Boot.ddc.
[2016.08.08-22.15.57:037][  0]LogDerivedDataCache:Display: Loaded Boot cache: C:/Users/wolfw/AppData/Local/UnrealEngine/4.12/DerivedDataCache/Boot.ddc
[2016.08.08-22.15.57:038][  0]LogDerivedDataCache: FDerivedDataBackendGraph:  Pak pak cache file ../../../../../../Users/wolfw/OneDrive/Documents/AITrainingStreamStuff/AITrainingStream/DerivedDataCache/DDC.ddp not found, will not use a pak cache.
[2016.08.08-22.15.57:038][  0]LogDerivedDataCache: Unable to find inner node Pak for hierarchical cache Hierarchy.
[2016.08.08-22.15.57:038][  0]LogDerivedDataCache: FDerivedDataBackendGraph:  CompressedPak pak cache file ../../../../../../Users/wolfw/OneDrive/Documents/AITrainingStreamStuff/AITrainingStream/DerivedDataCache/Compressed.ddp not found, will not use a pak cache.
[2016.08.08-22.15.57:038][  0]LogDerivedDataCache: Unable to find inner node CompressedPak for hierarchical cache Hierarchy.
[2016.08.08-22.15.57:071][  0]LogDerivedDataCache:Display: Pak cache opened for reading ../../../Engine/DerivedDataCache/Compressed.ddp.
[2016.08.08-22.15.57:084][  0]LogDerivedDataCache: Using Local data cache path C:/Users/wolfw/AppData/Local/UnrealEngine/Common/DerivedDataCache: Writable
[2016.08.08-22.16.00:743][  0]LogInit: Selected Device Profile: [Windows]
[2016.08.08-22.16.00:748][  0]LogContentStreaming: Texture pool size is 0.00 MB
[2016.08.08-22.16.01:228][  0]LogMeshUtilities: No automatic mesh reduction module available
[2016.08.08-22.16.01:228][  0]LogMeshUtilities: No automatic mesh merging module available
[2016.08.08-22.16.01:228][  0]LogMeshUtilities: No distributed automatic mesh merging module available
[2016.08.08-22.16.02:048][  0]LogAssetRegistry: FAssetRegistry took 0.0251 seconds to start up
[2016.08.08-22.16.02:100][  0]LogPackageLocalizationCache: Processed 3 localized package path(s) for 2 prioritized culture(s) in 0.042999 seconds
[2016.08.08-22.16.02:110][  0]LogUObjectArray: 28739 objects as part of root set at end of initial load.
[2016.08.08-22.16.02:110][  0]LogUObjectAllocator: 5855624 out of 0 bytes used by permanent object pool.
[2016.08.08-22.16.02:110][  0]LogUObjectArray: CloseDisregardForGC: 0/0 objects in disregard for GC pool
[2016.08.08-22.16.02:126][  0]LogInit: WinSock: version 1.1 (2.2), MaxSocks=32767, MaxUdp=65467
[2016.08.08-22.16.02:836][  0]LogSlate: SlateFontCache - WITH_FREETYPE: 1, WITH_HARFBUZZ: 1
[2016.08.08-22.16.02:836][  0]LogSlate: SlateFontCache - WITH_FREETYPE: 1, WITH_HARFBUZZ: 1
[2016.08.08-22.16.05:751][  0]LogUdpMessaging: Initializing bridge on interface 0.0.0.0:0 to multicast group 230.0.0.1:6666.
[2016.08.08-22.16.06:652][  0]SourceControl: Info Source control is disabled
[2016.08.08-22.16.07:938][  0]LogEngine: Initializing Engine...
[2016.08.08-22.16.07:976][  0]LogHMD: SteamVR failed to initialize.  Err: 110
[2016.08.08-22.16.07:977][  0]LogHMD: SteamVR failed to initialize.  Err: 110
[2016.08.08-22.16.08:230][  0]LogAIModule: Creating AISystem for world NewWorld
[2016.08.08-22.16.08:265][  0]LogInit: XAudio2 using 'Headset Earphone (Razer ManO'War)' : 2 channels at 44.1 kHz using 16 bits per sample (channel mask 0x3)
[2016.08.08-22.16.08:320][  0]LogInit: FAudioDevice initialized.
[2016.08.08-22.16.08:386][  0]LogDerivedDataCache: Saved boot cache 0.07s 50MB C:/Users/wolfw/AppData/Local/UnrealEngine/4.12/DerivedDataCache/Boot.ddc.
[2016.08.08-22.16.08:413][  0]LogInit: Texture streaming: Enabled
[2016.08.08-22.16.08:475][  0]LogInit: Transaction tracking system initialized
[2016.08.08-22.16.08:635][  0]BlueprintLog: New page: Editor Load
[2016.08.08-22.16.09:058][  0]LocalizationService: Info Localization service is disabled
[2016.08.08-22.16.09:233][  0]LogConsoleResponse:Display: 
[2016.08.08-22.16.09:565][  0]LogCook:Display: Max memory allowance for cook 8192mb
[2016.08.08-22.16.09:565][  0]LogCook:Display: Mobile HDR setting 1
[2016.08.08-22.16.09:828][  0]LogFileCache: Scanning file cache for directory 'C:/Users/wolfw/OneDrive/Documents/AITrainingStreamStuff/AITrainingStream/Content/' took 0.07s
[2016.08.08-22.16.10:103][  0]Cmd: MAP LOAD FILE="../../../../../../Users/wolfw/OneDrive/Documents/AITrainingStreamStuff/AITrainingStream/Content/ThirdPersonCPP/Maps/ThirdPersonExampleMap.umap" TEMPLATE=0 SHOWPROGRESS=1 FEATURELEVEL=3
[2016.08.08-22.16.10:105][  0]LightingResults: New page: Lighting Build
[2016.08.08-22.16.10:120][  0]MapCheck: New page: Map Check
[2016.08.08-22.16.10:120][  0]LightingResults: New page: Lighting Build
[2016.08.08-22.16.10:565][  0]LogAIModule: Creating AISystem for world ThirdPersonExampleMap
[2016.08.08-22.16.10:760][  0]LogEditorServer: Finished looking for orphan Actors (0.000 secs)
[2016.08.08-22.16.10:764][  0]Cmd: MAP CHECKDEP NOCLEARLOG
[2016.08.08-22.16.10:834][  0]MapCheck: Info Map check complete: 0 Error(s), 0 Warning(s), took 70.122ms to complete.
[2016.08.08-22.16.10:834][  0]LogFileHelpers: Loading map 'ThirdPersonExampleMap' took 0.733
[2016.08.08-22.16.11:157][  0]LogCollectionManager: Loaded 0 collections in 0.004621 seconds
[2016.08.08-22.16.11:236][  0]LogFileCache: Scanning file cache for directory 'C:/Users/wolfw/OneDrive/Documents/AITrainingStreamStuff/AITrainingStream/Saved/Collections/' took 0.01s
[2016.08.08-22.16.11:236][  0]LogFileCache: Scanning file cache for directory 'C:/Users/wolfw/OneDrive/Documents/AITrainingStreamStuff/AITrainingStream/Content/Developers/wolfw/Collections/' took 0.01s
[2016.08.08-22.16.11:236][  0]LogFileCache: Scanning file cache for directory 'C:/Users/wolfw/OneDrive/Documents/AITrainingStreamStuff/AITrainingStream/Content/Collections/' took 0.01s
[2016.08.08-22.16.11:236][  0]LogCollectionManager: Rebuilt the GUID cache for 0 collections in 0.000009 seconds
[2016.08.08-22.16.11:263][  0]LogContentBrowser: Native class hierarchy populated in 0.0227 seconds. Added 2056 classes and 373 folders.
[2016.08.08-22.16.11:287][  0]LogStats: UGameplayTagsManager::ConstructGameplayTagTree: Construct from data asset -  0.000 s
[2016.08.08-22.16.11:288][  0]LogStats: UGameplayTagsManager::ConstructGameplayTagTree: GameplayTagTreeChangedEvent.Broadcast -  0.000 s
[2016.08.08-22.16.11:291][  0]LogContentBrowser: Native class hierarchy updated for 'GameplayTags' in 0.0028 seconds. Added 12 classes and 0 folders.
[2016.08.08-22.16.11:321][  0]LogContentBrowser: Native class hierarchy updated for 'WidgetCarousel' in 0.0028 seconds. Added 0 classes and 0 folders.
[2016.08.08-22.16.11:760][  0]LogContentBrowser: Native class hierarchy updated for 'AddContentDialog' in 0.0022 seconds. Added 0 classes and 0 folders.
[2016.08.08-22.16.11:782][  0]LogContentBrowser: Native class hierarchy updated for 'SceneOutliner' in 0.0024 seconds. Added 1 classes and 2 folders.
[2016.08.08-22.16.11:872][  0]LogCrashTracker: Crashtracker disabled due to settings.
[2016.08.08-22.16.11:892][  0]LogUObjectGlobals:Warning: Failed to find object 'Class None.'
[2016.08.08-22.16.11:930][  0]LogContentBrowser: Native class hierarchy updated for 'HierarchicalLODOutliner' in 0.0023 seconds. Added 1 classes and 2 folders.
[2016.08.08-22.16.11:930][  0]LogLoad: Full Startup: 22.31 seconds (BP compile: 0.18 seconds)
[2016.08.08-22.16.11:930][  0]LogExternalProfiler: Found external profiler: VSPerf
[2016.08.08-22.16.11:930][  0]LogExternalProfiler: Using external profiler: VSPerf
[2016.08.08-22.16.11:941][  0]LogWindowsTextInputMethodSystem:Display: IME system now deactivated.
[2016.08.08-22.16.11:941][  0]LogOcInput: OculusInput pre-init called
[2016.08.08-22.16.11:974][  0]SourceControl: Info On branch master
[2016.08.08-22.16.11:974][  0]SourceControl: Info Your branch is up-to-date with 'origin/master'.
[2016.08.08-22.16.11:974][  0]SourceControl: Info Changes not staged for commit:
[2016.08.08-22.16.11:974][  0]SourceControl: Info   (use "git add <file>..." to update what will be committed)
[2016.08.08-22.16.11:974][  0]SourceControl: Info   (use "git checkout -- <file>..." to discard changes in working directory)
[2016.08.08-22.16.11:974][  0]SourceControl: Info 	modified:   AITrainingStream/Saved/Config/Windows/Editor.ini
[2016.08.08-22.16.11:974][  0]SourceControl: Info 	modified:   AITrainingStream/Saved/Config/Windows/EditorPerProjectUserSettings.ini
[2016.08.08-22.16.11:975][  0]SourceControl: Info 	modified:   AITrainingStream/Saved/Config/Windows/Engine.ini
[2016.08.08-22.16.11:975][  0]SourceControl: Info 	modified:   AITrainingStream/Saved/Logs/AITrainingStream.log
[2016.08.08-22.16.11:975][  0]SourceControl: Info Untracked files:
[2016.08.08-22.16.11:975][  0]SourceControl: Info   (use "git add <file>..." to include in what will be committed)
[2016.08.08-22.16.11:975][  0]SourceControl: Info 	AITrainingStream/Saved/Logs/AITrainingStream-backup-2016.08.08-18.15.51.log
[2016.08.08-22.16.11:975][  0]SourceControl: Info no changes added to commit (use "git add" and/or "git commit -a")
[2016.08.08-22.16.11:975][  0]LogContentStreaming: Texture pool size now 1000 MB
[2016.08.08-22.16.12:201][  0]LogRenderer: Reallocating scene render targets to support 1436x660 (Frame:2).
[2016.08.08-22.16.13:257][ 71]LogPackageName:Warning: String asset reference "JW_FlameDungeon.FX.SM_FX_Embers" is in short form, which is unsupported and -- even if valid -- resolving it will be really slow. Please consider resaving package in order to speed-up loading.
[2016.08.08-22.16.13:482][ 95]LogPackageName: SearchForPackageOnDisk took   0.223s, but failed to resolve JW_FlameDungeon.
[2016.08.08-22.16.13:482][ 95]LogPackageName:Warning: String asset reference "JW_FlameDungeon.FX.SM_FX_Embers" could not be resolved.
[2016.08.08-22.16.13:490][ 96]LogPackageName:Warning: String asset reference "JW_FlameDungeon.FX.SM_FogPlane02" is in short form, which is unsupported and -- even if valid -- resolving it will be really slow. Please consider resaving package in order to speed-up loading.
[2016.08.08-22.16.13:707][122]LogPackageName: SearchForPackageOnDisk took   0.218s, but failed to resolve JW_FlameDungeon.
[2016.08.08-22.16.13:707][122]LogPackageName:Warning: String asset reference "JW_FlameDungeon.FX.SM_FogPlane02" could not be resolved.
[2016.08.08-22.16.15:177][292]LogPackageName:Warning: String asset reference "StaticMesh'FX_Meshes_IB.SM_Debris_Box_RadialFull'" is in short form, which is unsupported and -- even if valid -- resolving it will be really slow. Please consider resaving package in order to speed-up loading.
[2016.08.08-22.16.15:523][321]LogPackageName: SearchForPackageOnDisk took   0.339s, but failed to resolve StaticMesh'FX_Meshes_IB.
[2016.08.08-22.16.15:525][321]LogPackageName:Warning: String asset reference "StaticMesh'FX_Meshes_IB.SM_Debris_Box_RadialFull'" could not be resolved.
[2016.08.08-22.16.15:747][346]LogPackageName:Warning: String asset reference "JW_Ice_Mountain.Mesh.SM_SnowBoulder" is in short form, which is unsupported and -- even if valid -- resolving it will be really slow. Please consider resaving package in order to speed-up loading.
[2016.08.08-22.16.16:005][377]LogPackageName: SearchForPackageOnDisk took   0.250s, but failed to resolve JW_Ice_Mountain.
[2016.08.08-22.16.16:005][377]LogPackageName:Warning: String asset reference "JW_Ice_Mountain.Mesh.SM_SnowBoulder" could not be resolved.
[2016.08.08-22.16.16:156][395]LogPackageName:Warning: String asset reference "FX_Meshes.UI.SM_SelectionMesh_01" is in short form, which is unsupported and -- even if valid -- resolving it will be really slow. Please consider resaving package in order to speed-up loading.
[2016.08.08-22.16.16:372][421]LogPackageName: SearchForPackageOnDisk took   0.214s, but failed to resolve FX_Meshes.
[2016.08.08-22.16.16:372][421]LogPackageName:Warning: String asset reference "FX_Meshes.UI.SM_SelectionMesh_01" could not be resolved.
[2016.08.08-22.16.16:388][423]LogPackageName:Warning: String asset reference "FX_Meshes.UI.SM_SelectionMesh_01" is in short form, which is unsupported and -- even if valid -- resolving it will be really slow. Please consider resaving package in order to speed-up loading.
[2016.08.08-22.16.16:613][450]LogPackageName: SearchForPackageOnDisk took   0.225s, but failed to resolve FX_Meshes.
[2016.08.08-22.16.16:613][450]LogPackageName:Warning: String asset reference "FX_Meshes.UI.SM_SelectionMesh_01" could not be resolved.
[2016.08.08-22.16.16:688][459]LogPackageName:Warning: String asset reference "'FX_Ambient.Meshes.SM_Bats'" is in short form, which is unsupported and -- even if valid -- resolving it will be really slow. Please consider resaving package in order to speed-up loading.
[2016.08.08-22.16.16:896][484]LogPackageName: SearchForPackageOnDisk took   0.206s, but failed to resolve 'FX_Ambient.
[2016.08.08-22.16.16:896][484]LogPackageName:Warning: String asset reference "'FX_Ambient.Meshes.SM_Bats'" could not be resolved.
[2016.08.08-22.16.16:931][488]LogPackageName:Warning: String asset reference "CastleEffects.TouchToMoveArrow" is in short form, which is unsupported and -- even if valid -- resolving it will be really slow. Please consider resaving package in order to speed-up loading.
[2016.08.08-22.16.17:146][514]LogPackageName: SearchForPackageOnDisk took   0.210s, but failed to resolve CastleEffects.
[2016.08.08-22.16.17:146][514]LogPackageName:Warning: String asset reference "CastleEffects.TouchToMoveArrow" could not be resolved.
[2016.08.08-22.16.17:546][562]LogPackageName:Warning: String asset reference "StaticMesh'FX_Meshes.Fire.SM_Dungeon_Pipes_Lava01_Cool'" is in short form, which is unsupported and -- even if valid -- resolving it will be really slow. Please consider resaving package in order to speed-up loading.
[2016.08.08-22.16.17:766][588]LogPackageName: SearchForPackageOnDisk took   0.213s, but failed to resolve StaticMesh'FX_Meshes.
[2016.08.08-22.16.17:766][588]LogPackageName:Warning: String asset reference "StaticMesh'FX_Meshes.Fire.SM_Dungeon_Pipes_Lava01_Cool'" could not be resolved.
[2016.08.08-22.16.17:766][588]LogPackageName:Warning: String asset reference "m_FogSheet_02" is in short form, which is unsupported and -- even if valid -- resolving it will be really slow. Please consider resaving package in order to speed-up loading.
[2016.08.08-22.16.17:981][614]LogPackageName: SearchForPackageOnDisk took   0.215s to resolve m_FogSheet_02.
[2016.08.08-22.16.18:156][635]LogPackageName:Warning: String asset reference "FX_Test_LAN.Meshes.SM_IceWall01" is in short form, which is unsupported and -- even if valid -- resolving it will be really slow. Please consider resaving package in order to speed-up loading.
[2016.08.08-22.16.18:372][661]LogPackageName: SearchForPackageOnDisk took   0.216s, but failed to resolve FX_Test_LAN.
[2016.08.08-22.16.18:373][661]LogPackageName:Warning: String asset reference "FX_Test_LAN.Meshes.SM_IceWall01" could not be resolved.
[2016.08.08-22.16.18:864][720]LogPackageName:Warning: String asset reference "m_FogSheet_02" is in short form, which is unsupported and -- even if valid -- resolving it will be really slow. Please consider resaving package in order to speed-up loading.
[2016.08.08-22.16.19:072][745]LogPackageName: SearchForPackageOnDisk took   0.211s to resolve m_FogSheet_02.
[2016.08.08-22.16.19:081][746]LogPackageName:Warning: String asset reference "m_FogSheet_02" is in short form, which is unsupported and -- even if valid -- resolving it will be really slow. Please consider resaving package in order to speed-up loading.
[2016.08.08-22.16.19:289][771]LogPackageName: SearchForPackageOnDisk took   0.210s to resolve m_FogSheet_02.
[2016.08.08-22.16.19:289][771]LogPackageName:Warning: String asset reference "m_FogSheet_02" is in short form, which is unsupported and -- even if valid -- resolving it will be really slow. Please consider resaving package in order to speed-up loading.
[2016.08.08-22.16.19:497][796]LogPackageName: SearchForPackageOnDisk took   0.207s to resolve m_FogSheet_02.
[2016.08.08-22.16.25:772][548]LogPackageName:Warning: String asset reference "JW_Ice_Mountain.Mesh.SM_SnowBoulder" is in short form, which is unsupported and -- even if valid -- resolving it will be really slow. Please consider resaving package in order to speed-up loading.
[2016.08.08-22.16.25:989][574]LogPackageName: SearchForPackageOnDisk took   0.210s, but failed to resolve JW_Ice_Mountain.
[2016.08.08-22.16.25:989][574]LogPackageName:Warning: String asset reference "JW_Ice_Mountain.Mesh.SM_SnowBoulder" could not be resolved.
[2016.08.08-22.16.26:022][578]LogPackageName:Warning: String asset reference "S_Survival_CA_Chicken_02.SM.S_Survival_CA_Chicken_02" is in short form, which is unsupported and -- even if valid -- resolving it will be really slow. Please consider resaving package in order to speed-up loading.
[2016.08.08-22.16.26:230][603]LogPackageName: SearchForPackageOnDisk took   0.206s to resolve S_Survival_CA_Chicken_02.
[2016.08.08-22.16.26:472][632]LogPackageName:Warning: String asset reference "JW_Ice_Mountain.Mesh.SM_SnowBoulder" is in short form, which is unsupported and -- even if valid -- resolving it will be really slow. Please consider resaving package in order to speed-up loading.
[2016.08.08-22.16.26:672][656]LogPackageName: SearchForPackageOnDisk took   0.202s, but failed to resolve JW_Ice_Mountain.
[2016.08.08-22.16.26:672][656]LogPackageName:Warning: String asset reference "JW_Ice_Mountain.Mesh.SM_SnowBoulder" could not be resolved.
[2016.08.08-22.16.26:690][658]LogPackageName:Warning: String asset reference "Env_ALL_Artifacts.Mesh.Env_ALL_Terminus001" is in short form, which is unsupported and -- even if valid -- resolving it will be really slow. Please consider resaving package in order to speed-up loading.
[2016.08.08-22.16.26:898][683]LogPackageName: SearchForPackageOnDisk took   0.206s, but failed to resolve Env_ALL_Artifacts.
[2016.08.08-22.16.26:898][683]LogPackageName:Warning: String asset reference "Env_ALL_Artifacts.Mesh.Env_ALL_Terminus001" could not be resolved.
[2016.08.08-22.16.27:365][739]LogPackageName:Warning: String asset reference "S_ClothTarps_03.SM.Mesh.S_ClothTarps_03" is in short form, which is unsupported and -- even if valid -- resolving it will be really slow. Please consider resaving package in order to speed-up loading.
[2016.08.08-22.16.27:573][764]LogPackageName: SearchForPackageOnDisk took   0.205s, but failed to resolve S_ClothTarps_03.
[2016.08.08-22.16.27:573][764]LogPackageName:Warning: String asset reference "S_ClothTarps_03.SM.Mesh.S_ClothTarps_03" could not be resolved.
[2016.08.08-22.16.32:454][348]LogAssetRegistry: Asset discovery search completed in 30.4285 seconds
[2016.08.08-22.16.32:454][348]LogCollectionManager: Rebuilt the object cache for 0 collections in 0.000001 seconds (found 0 objects)
[2016.08.08-22.16.32:454][348]LogCollectionManager: Fixed up redirectors for 0 collections in 0.000037 seconds (updated 0 objects)
[2016.08.08-22.17.45:306][748]LogBlueprintUserMessages: Early PlayInEditor Detection: Level '/Game/ThirdPersonCPP/Maps/ThirdPersonExampleMap.ThirdPersonExampleMap:PersistentLevel' has LevelScriptBlueprint '/Game/ThirdPersonCPP/Maps/ThirdPersonExampleMap.ThirdPersonExampleMap:PersistentLevel.ThirdPersonExampleMap' with GeneratedClass '/Game/ThirdPersonCPP/Maps/ThirdPersonExampleMap.ThirdPersonExampleMap_C' with ClassGeneratedBy '/Game/ThirdPersonCPP/Maps/ThirdPersonExampleMap.ThirdPersonExampleMap:PersistentLevel.ThirdPersonExampleMap'
[2016.08.08-22.17.45:307][748]LogPlayLevel: PlayLevel: No blueprints needed recompiling
[2016.08.08-22.17.45:319][748]PIE: New page: PIE session: ThirdPersonExampleMap (Aug 8, 2016, 1:17:45 PM)
[2016.08.08-22.17.45:319][748]LogPlayLevel: Creating play world package: /Game/ThirdPersonCPP/Maps/UEDPIE_0_ThirdPersonExampleMap
[2016.08.08-22.17.45:372][748]LogPlayLevel: PIE: StaticDuplicateObject took: (0.052823s)
[2016.08.08-22.17.45:374][748]LogAIModule: Creating AISystem for world ThirdPersonExampleMap
[2016.08.08-22.17.45:374][748]LogPlayLevel: PIE: World Init took: (0.001825s)
[2016.08.08-22.17.45:374][748]LogPlayLevel: PIE: Created PIE world by copying editor world from /Game/ThirdPersonCPP/Maps/ThirdPersonExampleMap.ThirdPersonExampleMap to /Game/ThirdPersonCPP/Maps/UEDPIE_0_ThirdPersonExampleMap.ThirdPersonExampleMap (0.055172s)
[2016.08.08-22.17.45:415][748]LogInit: XAudio2 using 'Headset Earphone (Razer ManO'War)' : 2 channels at 44.1 kHz using 16 bits per sample (channel mask 0x3)
[2016.08.08-22.17.45:449][748]LogInit: FAudioDevice initialized.
[2016.08.08-22.17.45:669][748]LogWorld: Game class is 'AIS_GameMode_C'
[2016.08.08-22.17.45:686][748]LogWorld: Bringing World /Game/ThirdPersonCPP/Maps/UEDPIE_0_ThirdPersonExampleMap.ThirdPersonExampleMap up for play (max tick rate 0) at 2016.08.08-18.17.45
[2016.08.08-22.17.45:690][748]LogWorld: Bringing up level for play took: 0.008636
[2016.08.08-22.17.45:705][748]LogContentBrowser: Native class hierarchy updated for 'MovieSceneCapture' in 0.0022 seconds. Added 11 classes and 0 folders.
[2016.08.08-22.17.45:709][748]PIE: Info Play in editor start time for /Game/ThirdPersonCPP/Maps/UEDPIE_0_ThirdPersonExampleMap 0.425
[2016.08.08-22.17.45:709][748]LogBlueprintUserMessages: Late PlayInEditor Detection: Level '/Game/ThirdPersonCPP/Maps/ThirdPersonExampleMap.ThirdPersonExampleMap:PersistentLevel' has LevelScriptBlueprint '/Game/ThirdPersonCPP/Maps/ThirdPersonExampleMap.ThirdPersonExampleMap:PersistentLevel.ThirdPersonExampleMap' with GeneratedClass '/Game/ThirdPersonCPP/Maps/ThirdPersonExampleMap.ThirdPersonExampleMap_C' with ClassGeneratedBy '/Game/ThirdPersonCPP/Maps/ThirdPersonExampleMap.ThirdPersonExampleMap:PersistentLevel.ThirdPersonExampleMap'
[2016.08.08-22.18.04:124][933]LogBlueprintUserMessages: Early EndPlayMap Detection: Level '/Game/ThirdPersonCPP/Maps/ThirdPersonExampleMap.ThirdPersonExampleMap:PersistentLevel' has LevelScriptBlueprint '/Game/ThirdPersonCPP/Maps/ThirdPersonExampleMap.ThirdPersonExampleMap:PersistentLevel.ThirdPersonExampleMap' with GeneratedClass '/Game/ThirdPersonCPP/Maps/ThirdPersonExampleMap.ThirdPersonExampleMap_C' with ClassGeneratedBy '/Game/ThirdPersonCPP/Maps/ThirdPersonExampleMap.ThirdPersonExampleMap:PersistentLevel.ThirdPersonExampleMap'
[2016.08.08-22.18.04:161][933]LogBlueprintUserMessages: Late EndPlayMap Detection: Level '/Game/ThirdPersonCPP/Maps/ThirdPersonExampleMap.ThirdPersonExampleMap:PersistentLevel' has LevelScriptBlueprint '/Game/ThirdPersonCPP/Maps/ThirdPersonExampleMap.ThirdPersonExampleMap:PersistentLevel.ThirdPersonExampleMap' with GeneratedClass '/Game/ThirdPersonCPP/Maps/ThirdPersonExampleMap.ThirdPersonExampleMap_C' with ClassGeneratedBy '/Game/ThirdPersonCPP/Maps/ThirdPersonExampleMap.ThirdPersonExampleMap:PersistentLevel.ThirdPersonExampleMap'
[2016.08.08-22.18.11:866][127]LogWindowsTextInputMethodSystem:Display: IME system now deactivated.
[2016.08.08-22.18.12:064][128]Cmd: QUIT_EDITOR
[2016.08.08-22.18.12:535][128]LogExit: Preparing to exit.
[2016.08.08-22.18.12:960][128]LogExit: Editor shut down
[2016.08.08-22.18.12:961][128]LogExit: Transaction tracking system shut down
[2016.08.08-22.18.13:126][128]LogObj: Freed 0b from 0 cluster array pools.
[2016.08.08-22.18.13:126][128]LogExit: Object subsystem successfully closed.
[2016.08.08-22.18.13:162][128]LogD3D11RHI: Shutdown
[2016.08.08-22.18.13:163][128]LogD3D11RHI: CleanupD3DDevice
[2016.08.08-22.18.13:247][128]LogD3D11RHI: ~FD3D11DynamicRHI
[2016.08.08-22.18.13:279][128]LogModuleManager: Shutting down and abandoning module MovieSceneCapture (216)
[2016.08.08-22.18.13:279][128]LogModuleManager: Shutting down and abandoning module HierarchicalLODOutliner (215)
[2016.08.08-22.18.13:279][128]LogModuleManager: Shutting down and abandoning module CrashTracker (214)
[2016.08.08-22.18.13:279][128]LogModuleManager: Shutting down and abandoning module SceneOutliner (213)
[2016.08.08-22.18.13:279][128]LogModuleManager: Shutting down and abandoning module WidgetCarousel (212)
[2016.08.08-22.18.13:279][128]LogModuleManager: Shutting down and abandoning module AddContentDialog (211)
[2016.08.08-22.18.13:281][128]LogModuleManager: Shutting down and abandoning module GameplayTags (210)
[2016.08.08-22.18.13:281][128]LogModuleManager: Shutting down and abandoning module EditorWidgets (209)
[2016.08.08-22.18.13:281][128]LogModuleManager: Shutting down and abandoning module CollectionManager (208)
[2016.08.08-22.18.13:281][128]LogModuleManager: Shutting down and abandoning module StatsViewer (207)
[2016.08.08-22.18.13:282][128]LogModuleManager: Shutting down and abandoning module FoliageEdit (206)
[2016.08.08-22.18.13:282][128]LogModuleManager: Shutting down and abandoning module LandscapeEditor (205)
[2016.08.08-22.18.13:282][128]LogModuleManager: Shutting down and abandoning module SceneDepthPickerMode (204)
[2016.08.08-22.18.13:282][128]LogModuleManager: Shutting down and abandoning module ActorPickerMode (203)
[2016.08.08-22.18.13:282][128]LogModuleManager: Shutting down and abandoning module GeometryMode (202)
[2016.08.08-22.18.13:282][128]LogModuleManager: Shutting down and abandoning module TextureAlignMode (201)
[2016.08.08-22.18.13:282][128]LogModuleManager: Shutting down and abandoning module BspMode (200)
[2016.08.08-22.18.13:282][128]LogModuleManager: Shutting down and abandoning module HardwareSurvey (199)
[2016.08.08-22.18.13:282][128]LogModuleManager: Shutting down and abandoning module SequenceRecorderSections (198)
[2016.08.08-22.18.13:282][128]LogModuleManager: Shutting down and abandoning module SequenceRecorder (197)
[2016.08.08-22.18.13:283][128]LogModuleManager: Shutting down and abandoning module AutomationWorker (196)
[2016.08.08-22.18.13:283][128]LogModuleManager: Shutting down and abandoning module MatineeToLevelSequence (195)
[2016.08.08-22.18.13:283][128]LogModuleManager: Shutting down and abandoning module PlacementMode (194)
[2016.08.08-22.18.13:283][128]LogModuleManager: Shutting down and abandoning module LevelSequenceEditor (193)
[2016.08.08-22.18.13:285][128]LogModuleManager: Shutting down and abandoning module CharacterAI (192)
[2016.08.08-22.18.13:285][128]LogModuleManager: Shutting down and abandoning module SmartSnapping (191)
[2016.08.08-22.18.13:285][128]LogModuleManager: Shutting down and abandoning module SessionServices (190)
[2016.08.08-22.18.13:285][128]LogModuleManager: Shutting down and abandoning module ViewportSnapping (189)
[2016.08.08-22.18.13:285][128]LogModuleManager: Shutting down and abandoning module LogVisualizer (188)
[2016.08.08-22.18.13:285][128]LogModuleManager: Shutting down and abandoning module GameProjectGeneration (187)
[2016.08.08-22.18.13:286][128]LogModuleManager: Shutting down and abandoning module IntroTutorials (186)
[2016.08.08-22.18.13:286][128]LogModuleManager: Shutting down and abandoning module EditorLiveStreaming (185)
[2016.08.08-22.18.13:286][128]LogModuleManager: Shutting down and abandoning module IOSPlatformEditor (184)
[2016.08.08-22.18.13:286][128]LogModuleManager: Shutting down and abandoning module HTML5PlatformEditor (183)
[2016.08.08-22.18.13:286][128]LogModuleManager: Shutting down and abandoning module AndroidDeviceDetection (182)
[2016.08.08-22.18.14:187][128]LogModuleManager: Shutting down and abandoning module AndroidPlatformEditor (181)
[2016.08.08-22.18.14:187][128]LogModuleManager: Shutting down and abandoning module IOSRuntimeSettings (180)
[2016.08.08-22.18.14:187][128]LogModuleManager: Shutting down and abandoning module AndroidRuntimeSettings (179)
[2016.08.08-22.18.14:187][128]LogModuleManager: Shutting down and abandoning module MergeActors (178)
[2016.08.08-22.18.14:187][128]LogModuleManager: Shutting down and abandoning module SizeMap (177)
[2016.08.08-22.18.14:187][128]LogModuleManager: Shutting down and abandoning module TreeMap (176)
[2016.08.08-22.18.14:187][128]LogModuleManager: Shutting down and abandoning module ReferenceViewer (175)
[2016.08.08-22.18.14:187][128]LogModuleManager: Shutting down and abandoning module LocalizationService (174)
[2016.08.08-22.18.14:187][128]LogModuleManager: Shutting down and abandoning module LocalizationDashboard (173)
[2016.08.08-22.18.14:188][128]LogModuleManager: Shutting down and abandoning module HardwareTargeting (172)
[2016.08.08-22.18.14:188][128]LogModuleManager: Shutting down and abandoning module DeviceProfileEditor (171)
[2016.08.08-22.18.14:188][128]LogModuleManager: Shutting down and abandoning module UndoHistory (170)
[2016.08.08-22.18.14:189][128]LogModuleManager: Shutting down and abandoning module UserFeedback (169)
[2016.08.08-22.18.14:189][128]LogModuleManager: Shutting down and abandoning module XmlParser (168)
[2016.08.08-22.18.14:189][128]LogModuleManager: Shutting down and abandoning module Blutility (167)
[2016.08.08-22.18.14:189][128]LogModuleManager: Shutting down and abandoning module ProjectTargetPlatformEditor (166)
[2016.08.08-22.18.14:189][128]LogModuleManager: Shutting down and abandoning module ProjectSettingsViewer (165)
[2016.08.08-22.18.14:189][128]LogModuleManager: Shutting down and abandoning module InputBindingEditor (164)
[2016.08.08-22.18.14:189][128]LogModuleManager: Shutting down and abandoning module EditorSettingsViewer (163)
[2016.08.08-22.18.14:189][128]LogModuleManager: Shutting down and abandoning module SettingsEditor (162)
[2016.08.08-22.18.14:190][128]LogModuleManager: Shutting down and abandoning module ProjectLauncher (161)
[2016.08.08-22.18.14:190][128]LogModuleManager: Shutting down and abandoning module SessionFrontend (160)
[2016.08.08-22.18.14:191][128]LogModuleManager: Shutting down and abandoning module ProfilerClient (159)
[2016.08.08-22.18.14:191][128]LogModuleManager: Shutting down and abandoning module TargetDeviceServices (158)
[2016.08.08-22.18.14:191][128]LogModuleManager: Shutting down and abandoning module DeviceManager (157)
[2016.08.08-22.18.14:234][128]LogModuleManager: Shutting down and abandoning module AutomationController (156)
[2016.08.08-22.18.14:234][128]LogModuleManager: Shutting down and abandoning module AutomationWindow (155)
[2016.08.08-22.18.14:235][128]LogModuleManager: Shutting down and abandoning module Layers (154)
[2016.08.08-22.18.14:237][128]LogModuleManager: Shutting down and abandoning module ComponentVisualizers (153)
[2016.08.08-22.18.14:237][128]LogModuleManager: Shutting down and abandoning module DetailCustomizations (152)
[2016.08.08-22.18.14:237][128]LogModuleManager: Shutting down and abandoning module PackagesDialog (151)
[2016.08.08-22.18.14:238][128]LogModuleManager: Shutting down and abandoning module Persona (150)
[2016.08.08-22.18.14:239][128]LogModuleManager: Shutting down and abandoning module Kismet (149)
[2016.08.08-22.18.14:239][128]LogModuleManager: Shutting down and abandoning module GraphEditor (148)
[2016.08.08-22.18.14:241][128]LogModuleManager: Shutting down and abandoning module ClassViewer (147)
[2016.08.08-22.18.14:241][128]LogModuleManager: Shutting down and abandoning module Toolbox (146)
[2016.08.08-22.18.14:241][128]LogModuleManager: Shutting down and abandoning module ModuleUI (145)
[2016.08.08-22.18.14:242][128]LogModuleManager: Shutting down and abandoning module MovieSceneTools (144)
[2016.08.08-22.18.14:242][128]LogModuleManager: Shutting down and abandoning module OutputLog (143)
[2016.08.08-22.18.14:242][128]LogModuleManager: Shutting down and abandoning module GammaUI (142)
[2016.08.08-22.18.14:243][128]LogModuleManager: Shutting down and abandoning module Documentation (141)
[2016.08.08-22.18.14:243][128]LogModuleManager: Shutting down and abandoning module StreamingPauseRendering (140)
[2016.08.08-22.18.14:243][128]LogModuleManager: Shutting down and abandoning module AnalyticsET (139)
[2016.08.08-22.18.14:243][128]LogModuleManager: Shutting down and abandoning module Analytics (138)
[2016.08.08-22.18.14:243][128]LogModuleManager: Shutting down and abandoning module PortalServices (137)
[2016.08.08-22.18.14:243][128]LogModuleManager: Shutting down and abandoning module PortalRpc (136)
[2016.08.08-22.18.14:243][128]LogModuleManager: Shutting down and abandoning module MessagingRpc (135)
[2016.08.08-22.18.14:243][128]LogModuleManager: Shutting down and abandoning module GameplayDebugger (134)
[2016.08.08-22.18.14:243][128]LogModuleManager: Shutting down and abandoning module AITestSuite (133)
[2016.08.08-22.18.14:243][128]LogModuleManager: Shutting down and abandoning module AIModule (132)
[2016.08.08-22.18.14:243][128]LogModuleManager: Shutting down and abandoning module ProfilerService (131)
[2016.08.08-22.18.14:438][128]LogModuleManager: Shutting down and abandoning module TaskGraph (130)
[2016.08.08-22.18.14:438][128]LogModuleManager: Shutting down and abandoning module SlateRemote (129)
[2016.08.08-22.18.14:438][128]LogModuleManager: Shutting down and abandoning module SteamVRController (128)
[2016.08.08-22.18.14:438][128]LogModuleManager: Shutting down and abandoning module SteamVR (127)
[2016.08.08-22.18.14:438][128]LogModuleManager: Shutting down and abandoning module ProceduralMeshComponent (126)
[2016.08.08-22.18.14:438][128]LogModuleManager: Shutting down and abandoning module OculusLibrary (125)
[2016.08.08-22.18.14:438][128]LogModuleManager: Shutting down and abandoning module OculusInput (124)
[2016.08.08-22.18.14:438][128]LogModuleManager: Shutting down and abandoning module CustomMeshComponent (123)
[2016.08.08-22.18.14:438][128]LogModuleManager: Shutting down and abandoning module CableComponent (122)
[2016.08.08-22.18.14:438][128]LogModuleManager: Shutting down and abandoning module ArchVisCharacter (121)
[2016.08.08-22.18.14:438][128]LogModuleManager: Shutting down and abandoning module MediaPlayerEditor (120)
[2016.08.08-22.18.14:439][128]LogModuleManager: Shutting down and abandoning module HTML5Networking (119)
[2016.08.08-22.18.14:439][128]LogModuleManager: Shutting down and abandoning module SuperSearch (118)
[2016.08.08-22.18.14:439][128]LogModuleManager: Shutting down and abandoning module SuperSearchEditor (117)
[2016.08.08-22.18.14:439][128]LogModuleManager: Shutting down and abandoning module SpeedTreeImporter (116)
[2016.08.08-22.18.14:439][128]LogModuleManager: Shutting down and abandoning module PluginBrowser (115)
[2016.08.08-22.18.14:439][128]LogModuleManager: Shutting down and abandoning module EpicSurvey (114)
[2016.08.08-22.18.14:439][128]LogModuleManager: Shutting down and abandoning module DesktopPlatform (113)
[2016.08.08-22.18.14:439][128]LogModuleManager: Shutting down and abandoning module VisualStudioSourceCodeAccess (112)
[2016.08.08-22.18.14:439][128]LogModuleManager: Shutting down and abandoning module UObjectPlugin (111)
[2016.08.08-22.18.14:439][128]LogModuleManager: Shutting down and abandoning module SubversionSourceControl (110)
[2016.08.08-22.18.14:439][128]LogModuleManager: Shutting down and abandoning module PerforceSourceControl (109)
[2016.08.08-22.18.14:439][128]LogModuleManager: Shutting down and abandoning module SourceControl (108)
[2016.08.08-22.18.14:440][128]LogModuleManager: Shutting down and abandoning module GitSourceControl (107)
[2016.08.08-22.18.14:440][128]LogModuleManager: Shutting down and abandoning module LightPropagationVolumeEditor (106)
[2016.08.08-22.18.14:440][128]LogModuleManager: Shutting down and abandoning module PaperTiledImporter (105)
[2016.08.08-22.18.14:440][128]LogModuleManager: Shutting down and abandoning module PaperSpriteSheetImporter (104)
[2016.08.08-22.18.14:440][128]LogModuleManager: Shutting down and abandoning module MeshPaint (103)
[2016.08.08-22.18.14:440][128]LogModuleManager: Shutting down and abandoning module PixelInspectorModule (102)
[2016.08.08-22.18.14:440][128]LogModuleManager: Shutting down and abandoning module HotReload (101)
[2016.08.08-22.18.14:440][128]LogModuleManager: Shutting down and abandoning module MainFrame (100)
[2016.08.08-22.18.14:440][128]LogModuleManager: Shutting down and abandoning module LevelEditor (99)
[2016.08.08-22.18.14:441][128]LogModuleManager: Shutting down and abandoning module ContentBrowser (98)
[2016.08.08-22.18.14:442][128]LogModuleManager: Shutting down and abandoning module Paper2DEditor (97)
[2016.08.08-22.18.14:442][128]LogModuleManager: Shutting down and abandoning module AITrainingStream (96)
[2016.08.08-22.18.14:442][128]LogModuleManager: Shutting down and abandoning module UdpMessaging (95)
[2016.08.08-22.18.14:543][128]LogModuleManager: Shutting down and abandoning module LightPropagationVolumeRuntime (94)
[2016.08.08-22.18.14:543][128]LogModuleManager: Shutting down and abandoning module Paper2D (93)
[2016.08.08-22.18.14:543][128]LogModuleManager: Shutting down and abandoning module WindowsMoviePlayer (92)
[2016.08.08-22.18.14:543][128]LogModuleManager: Shutting down and abandoning module Media (91)
[2016.08.08-22.18.14:543][128]LogModuleManager: Shutting down and abandoning module WmfMedia (90)
[2016.08.08-22.18.14:543][128]LogModuleManager: Shutting down and abandoning module MediaAssets (89)
[2016.08.08-22.18.14:543][128]LogModuleManager: Shutting down and abandoning module GameLiveStreaming (88)
[2016.08.08-22.18.14:543][128]LogModuleManager: Shutting down and abandoning module GameplayTagsEditor (87)
[2016.08.08-22.18.14:543][128]LogModuleManager: Shutting down and abandoning module OnlineBlueprintSupport (86)
[2016.08.08-22.18.14:543][128]LogModuleManager: Shutting down and abandoning module EnvironmentQueryEditor (85)
[2016.08.08-22.18.14:544][128]LogModuleManager: Shutting down and abandoning module VREditor (84)
[2016.08.08-22.18.14:544][128]LogModuleManager: Shutting down and abandoning module GameplayTasksEditor (83)
[2016.08.08-22.18.14:544][128]LogModuleManager: Shutting down and abandoning module PropertyEditor (82)
[2016.08.08-22.18.14:544][128]LogModuleManager: Shutting down and abandoning module BehaviorTreeEditor (81)
[2016.08.08-22.18.14:545][128]LogModuleManager: Shutting down and abandoning module FunctionalTesting (80)
[2016.08.08-22.18.14:545][128]LogModuleManager: Shutting down and abandoning module CollisionAnalyzer (79)
[2016.08.08-22.18.14:545][128]LogModuleManager: Shutting down and abandoning module Sequencer (78)
[2016.08.08-22.18.14:547][128]LogModuleManager: Shutting down and abandoning module WorkspaceMenuStructure (77)
[2016.08.08-22.18.14:547][128]LogModuleManager: Shutting down and abandoning module MessageLog (76)
[2016.08.08-22.18.14:547][128]LogModuleManager: Shutting down and abandoning module AssetTools (75)
[2016.08.08-22.18.14:550][128]LogModuleManager: Shutting down and abandoning module UMGEditor (74)
[2016.08.08-22.18.14:551][128]LogModuleManager: Shutting down and abandoning module UMG (73)
[2016.08.08-22.18.14:553][128]LogModuleManager: Shutting down and abandoning module SlateReflector (72)
[2016.08.08-22.18.14:555][128]LogModuleManager: Shutting down and abandoning module Slate (71)
[2016.08.08-22.18.14:555][128]LogModuleManager: Shutting down and abandoning module EditorStyle (70)
[2016.08.08-22.18.14:558][128]LogModuleManager: Shutting down and abandoning module SourceCodeAccess (69)
[2016.08.08-22.18.14:558][128]LogModuleManager: Shutting down and abandoning module HeadMountedDisplay (68)
[2016.08.08-22.18.14:558][128]LogModuleManager: Shutting down and abandoning module XAudio2 (67)
[2016.08.08-22.18.14:558][128]LogModuleManager: Shutting down and abandoning module Networking (65)
[2016.08.08-22.18.14:558][128]LogModuleManager: Shutting down and abandoning module Core (64)
[2016.08.08-22.18.14:558][128]LogModuleManager: Shutting down and abandoning module DirectoryWatcher (63)
[2016.08.08-22.18.14:559][128]LogModuleManager: Shutting down and abandoning module AssetRegistry (62)
[2016.08.08-22.18.14:783][128]LogModuleManager: Shutting down and abandoning module KismetCompiler (61)
[2016.08.08-22.18.14:783][128]LogModuleManager: Shutting down and abandoning module PhysXFormats (60)
[2016.08.08-22.18.14:783][128]LogModuleManager: Shutting down and abandoning module MeshUtilities (59)
[2016.08.08-22.18.14:783][128]LogModuleManager: Shutting down and abandoning module DerivedDataCache (58)
[2016.08.08-22.18.14:815][128]LogDerivedDataCache: Shutdown
[2016.08.08-22.18.14:815][128]LogModuleManager: Shutting down and abandoning module VulkanShaderFormat (57)
[2016.08.08-22.18.14:815][128]LogModuleManager: Shutting down and abandoning module ShaderFormatOpenGL (56)
[2016.08.08-22.18.14:816][128]LogModuleManager: Shutting down and abandoning module ShaderFormatD3D (55)
[2016.08.08-22.18.14:816][128]LogModuleManager: Shutting down and abandoning module MetalShaderFormat (54)
[2016.08.08-22.18.14:817][128]LogModuleManager: Shutting down and abandoning module TextureFormatUncompressed (53)
[2016.08.08-22.18.14:817][128]LogModuleManager: Shutting down and abandoning module TextureFormatPVR (52)
[2016.08.08-22.18.14:817][128]LogModuleManager: Shutting down and abandoning module TextureFormatIntelISPCTexComp (51)
[2016.08.08-22.18.14:817][128]LogModuleManager: Shutting down and abandoning module TextureFormatDXT (50)
[2016.08.08-22.18.14:817][128]LogModuleManager: Shutting down and abandoning module ImageWrapper (49)
[2016.08.08-22.18.14:817][128]LogModuleManager: Shutting down and abandoning module TextureFormatASTC (48)
[2016.08.08-22.18.14:817][128]LogModuleManager: Shutting down and abandoning module TextureFormatAndroid (47)
[2016.08.08-22.18.14:817][128]LogModuleManager: Shutting down and abandoning module AudioFormatOpus (46)
[2016.08.08-22.18.14:817][128]LogModuleManager: Shutting down and abandoning module AudioFormatOgg (45)
[2016.08.08-22.18.14:817][128]LogModuleManager: Shutting down and abandoning module AudioFormatADPCM (44)
[2016.08.08-22.18.14:817][128]LogModuleManager: Shutting down and abandoning module LinuxTargetPlatform (43)
[2016.08.08-22.18.14:817][128]LogModuleManager: Shutting down and abandoning module LinuxServerTargetPlatform (42)
[2016.08.08-22.18.14:817][128]LogModuleManager: Shutting down and abandoning module LinuxNoEditorTargetPlatform (41)
[2016.08.08-22.18.14:817][128]LogModuleManager: Shutting down and abandoning module TVOSTargetPlatform (40)
[2016.08.08-22.18.14:817][128]LogModuleManager: Shutting down and abandoning module Messaging (39)
[2016.08.08-22.18.14:817][128]LogModuleManager: Shutting down and abandoning module IOSTargetPlatform (38)
[2016.08.08-22.18.14:817][128]LogModuleManager: Shutting down and abandoning module HTML5TargetPlatform (37)
[2016.08.08-22.18.14:817][128]LogModuleManager: Shutting down and abandoning module Android_PVRTCTargetPlatform (36)
[2016.08.08-22.18.14:817][128]LogModuleManager: Shutting down and abandoning module Android_MultiTargetPlatform (35)
[2016.08.08-22.18.14:818][128]LogModuleManager: Shutting down and abandoning module Android_ETC2TargetPlatform (34)
[2016.08.08-22.18.14:818][128]LogModuleManager: Shutting down and abandoning module Android_ETC1TargetPlatform (33)
[2016.08.08-22.18.14:818][128]LogModuleManager: Shutting down and abandoning module Android_DXTTargetPlatform (32)
[2016.08.08-22.18.14:818][128]LogModuleManager: Shutting down and abandoning module Android_ATCTargetPlatform (31)
[2016.08.08-22.18.14:818][128]LogModuleManager: Shutting down and abandoning module Android_ASTCTargetPlatform (30)
[2016.08.08-22.18.14:818][128]LogModuleManager: Shutting down and abandoning module AndroidTargetPlatform (29)
[2016.08.08-22.18.14:818][128]LogModuleManager: Shutting down and abandoning module WindowsTargetPlatform (28)
[2016.08.08-22.18.14:818][128]LogModuleManager: Shutting down and abandoning module WindowsServerTargetPlatform (27)
[2016.08.08-22.18.14:818][128]LogModuleManager: Shutting down and abandoning module WindowsNoEditorTargetPlatform (26)
[2016.08.08-22.18.14:818][128]LogModuleManager: Shutting down and abandoning module WindowsClientTargetPlatform (25)
[2016.08.08-22.18.14:818][128]LogModuleManager: Shutting down and abandoning module AllDesktopTargetPlatform (24)
[2016.08.08-22.18.14:818][128]LogModuleManager: Shutting down and abandoning module TargetPlatform (23)
[2016.08.08-22.18.14:818][128]LogModuleManager: Shutting down and abandoning module InputCore (22)
[2016.08.08-22.18.14:818][128]LogModuleManager: Shutting down and abandoning module Settings (21)
[2016.08.08-22.18.14:818][128]LogModuleManager: Shutting down and abandoning module OnlineSubsystem (19)
[2016.08.08-22.18.14:818][128]LogModuleManager: Shutting down and abandoning module HTTP (18)
[2016.08.08-22.18.17:847][128]LogModuleManager: Shutting down and abandoning module XMPP (17)
[2016.08.08-22.18.17:848][128]LogModuleManager: Shutting down and abandoning module OculusRift (16)
[2016.08.08-22.18.17:849][128]LogModuleManager: Shutting down and abandoning module ExampleDeviceProfileSelector (15)
[2016.08.08-22.18.17:849][128]LogModuleManager: Shutting down and abandoning module TextureCompressor (14)
[2016.08.08-22.18.17:849][128]LogModuleManager: Shutting down and abandoning module ShaderCore (13)
[2016.08.08-22.18.17:849][128]LogModuleManager: Shutting down and abandoning module Landscape (12)
[2016.08.08-22.18.17:849][128]LogModuleManager: Shutting down and abandoning module SlateRHIRenderer (11)
[2016.08.08-22.18.17:852][128]LogModuleManager: Shutting down and abandoning module OpenGLDrv (10)
[2016.08.08-22.18.17:853][128]LogModuleManager: Shutting down and abandoning module D3D11RHI (9)
[2016.08.08-22.18.17:853][128]LogModuleManager: Shutting down and abandoning module AnimGraphRuntime (8)
[2016.08.08-22.18.17:853][128]LogModuleManager: Shutting down and abandoning module Renderer (7)
[2016.08.08-22.18.17:853][128]LogModuleManager: Shutting down and abandoning module Engine (6)
[2016.08.08-22.18.17:853][128]LogModuleManager: Shutting down and abandoning module CoreUObject (5)
[2016.08.08-22.18.17:853][128]LogModuleManager: Shutting down and abandoning module NetworkFile (4)
[2016.08.08-22.18.17:854][128]LogModuleManager: Shutting down and abandoning module StreamingFile (3)
[2016.08.08-22.18.17:854][128]LogModuleManager: Shutting down and abandoning module SandboxFile (2)
[2016.08.08-22.18.17:854][128]LogModuleManager: Shutting down and abandoning module PakFile (1)
[2016.08.08-22.18.17:858][128]LogExit: Exiting.
[2016.08.08-22.18.17:860][128]Log file closed, 08/08/16 18:18:17
